Building DAG of jobs...
Using shell: /bin/bash
Provided cores: 1 (use --cores to define parallelism)
Rules claiming more threads will be scaled down.
Job stats:
job                    count
-------------------  -------
all                        1
compute_all_mordred        1
total                      2

Select jobs to execute...

[Wed Apr 23 14:19:13 2025]
rule compute_all_mordred:
    output: results/mordred/all_descriptors.csv
    jobid: 1
    reason: Missing output files: results/mordred/all_descriptors.csv; Code has changed since last execution
    resources: tmpdir=/var/folders/4_/pzgztxqj1xz63tcdm584280h0000gn/T

[Wed Apr 23 14:19:40 2025]
Finished job 1.
1 of 2 steps (50%) done
Select jobs to execute...

[Wed Apr 23 14:19:40 2025]
localrule all:
    input: results/mordred/all_descriptors.csv
    jobid: 0
    reason: Input files updated by another job: results/mordred/all_descriptors.csv
    resources: tmpdir=/var/folders/4_/pzgztxqj1xz63tcdm584280h0000gn/T

[Wed Apr 23 14:19:40 2025]
Finished job 0.
2 of 2 steps (100%) done
Complete log: .snakemake/log/2025-04-23T141855.004199.snakemake.log
