Building DAG of jobs...
Using shell: /bin/bash
Provided cores: 1 (use --cores to define parallelism)
Rules claiming more threads will be scaled down.
Job stats:
job                count
---------------  -------
all                    1
compute_mordred        2
merge_csv              1
total                  4

Select jobs to execute...

[Wed Apr 23 14:37:52 2025]
rule compute_mordred:
    input: data/Structure2D_COMPOUND_CID_4091.sdf
    output: results/Structure2D_COMPOUND_CID_4091.sdf_temp.csv
    jobid: 3
    reason: Missing output files: results/Structure2D_COMPOUND_CID_4091.sdf_temp.csv
    wildcards: sample=Structure2D_COMPOUND_CID_4091.sdf
    resources: tmpdir=/var/folders/4_/pzgztxqj1xz63tcdm584280h0000gn/T

[Wed Apr 23 14:37:52 2025]
Finished job 3.
1 of 4 steps (25%) done
Select jobs to execute...

[Wed Apr 23 14:37:52 2025]
rule compute_mordred:
    input: data/Structure2D_COMPOUND_CID_2244.sdf
    output: results/Structure2D_COMPOUND_CID_2244.sdf_temp.csv
    jobid: 2
    reason: Missing output files: results/Structure2D_COMPOUND_CID_2244.sdf_temp.csv
    wildcards: sample=Structure2D_COMPOUND_CID_2244.sdf
    resources: tmpdir=/var/folders/4_/pzgztxqj1xz63tcdm584280h0000gn/T

[Wed Apr 23 14:37:53 2025]
Finished job 2.
2 of 4 steps (50%) done
Select jobs to execute...

[Wed Apr 23 14:37:53 2025]
rule merge_csv:
    input: results/Structure2D_COMPOUND_CID_2244.sdf_temp.csv, results/Structure2D_COMPOUND_CID_4091.sdf_temp.csv
    output: results/mordred_descriptors.csv
    jobid: 1
    reason: Missing output files: results/mordred_descriptors.csv; Input files updated by another job: results/Structure2D_COMPOUND_CID_2244.sdf_temp.csv, results/Structure2D_COMPOUND_CID_4091.sdf_temp.csv
    resources: tmpdir=/var/folders/4_/pzgztxqj1xz63tcdm584280h0000gn/T

[Wed Apr 23 14:37:53 2025]
Finished job 1.
3 of 4 steps (75%) done
Select jobs to execute...

[Wed Apr 23 14:37:53 2025]
localrule all:
    input: results/mordred_descriptors.csv
    jobid: 0
    reason: Input files updated by another job: results/mordred_descriptors.csv
    resources: tmpdir=/var/folders/4_/pzgztxqj1xz63tcdm584280h0000gn/T

[Wed Apr 23 14:37:53 2025]
Finished job 0.
4 of 4 steps (100%) done
Complete log: .snakemake/log/2025-04-23T143751.785873.snakemake.log
